2024-02-27T22:16:29.322Z [my-delivery-api]  info: Server is running on port 3000
2024-02-27T22:47:12.963Z [my-delivery-api]  info: Server is running on port 3000
2024-02-27T22:47:42.519Z [my-delivery-api]  info: Server is running on port 3000
2024-02-27T22:47:51.734Z [my-delivery-api]  info: Server is running on port 3000
2024-02-27T22:48:02.402Z [my-delivery-api]  info: Server is running on port 3000
2024-02-27T22:48:06.479Z [my-delivery-api]  info: Server is running on port 3000
2024-02-27T22:48:14.590Z [my-delivery-api]  info: Server is running on port 3000
2024-02-27T22:48:20.322Z [my-delivery-api]  info: Server is running on port 3000
2024-02-27T22:48:59.731Z [my-delivery-api]  info: Server is running on port 3000
2024-02-27T22:49:10.467Z [my-delivery-api]  info: Server is running on port 3000
2024-02-27T22:49:21.304Z [my-delivery-api]  info: POST /order - {"id":501,"name":"Alex dos pedidos","product":"pizza especial de carne vegana premium plus","value":50}
2024-02-27T22:50:39.603Z [my-delivery-api]  info: Server is running on port 3000
2024-02-27T22:51:08.868Z [my-delivery-api]  info: Server is running on port 3000
2024-02-27T22:51:17.496Z [my-delivery-api]  info: Server is running on port 3000
2024-02-27T22:51:42.326Z [my-delivery-api]  info: Server is running on port 3000
2024-02-27T22:52:07.283Z [my-delivery-api]  info: Server is running on port 3000
2024-02-27T22:52:23.730Z [my-delivery-api]  info: Server is running on port 3000
2024-02-27T22:52:24.905Z [my-delivery-api]  info: POST /order - {"id":501,"name":"Alex dos pedidos","product":"pizza especial de carne vegana premium plus","value":50}
2024-02-27T22:52:49.797Z [my-delivery-api]  info: Server is running on port 3000
2024-02-27T22:53:00.325Z [my-delivery-api]  info: POST /order - {"id":501,"name":"Alex dos pedidos","product":"pizza especial de carne vegana premium plus","value":50,"entregue":false,"timestamp":"2024-02-27T22:53:00.323Z"}
2024-02-27T22:53:48.826Z [my-delivery-api]  info: POST /order - {"id":502,"name":"Alex dos pedidos","product":"pizza especial de carne vegana premium plus","value":50,"entregue":false,"timestamp":"2024-02-27T22:53:48.825Z"}
2024-02-27T22:54:10.810Z [my-delivery-api]  info: Server is running on port 3000
2024-02-27T22:54:12.021Z [my-delivery-api]  info: POST /order - {"id":503,"cliente":"Alex dos pedidos","produto":"pizza especial de carne vegana premium plus","valor":50,"entregue":false,"timestamp":"2024-02-27T22:54:12.019Z"}
2024-02-27T22:54:22.269Z [my-delivery-api]  info: POST /order - {"id":501,"cliente":"Alex dos pedidos","produto":"pizza especial de carne vegana premium plus","valor":50,"entregue":false,"timestamp":"2024-02-27T22:54:22.268Z"}
2024-02-27T22:58:07.305Z [my-delivery-api]  info: Server is running on port 3000
2024-02-27T22:58:18.064Z [my-delivery-api]  info: Server is running on port 3000
2024-02-27T22:58:46.841Z [my-delivery-api]  info: Server is running on port 3000
2024-02-27T22:59:27.115Z [my-delivery-api]  info: Server is running on port 3000
2024-02-27T23:00:15.425Z [my-delivery-api]  info: Server is running on port 3000
2024-02-27T23:00:50.130Z [my-delivery-api]  info: Server is running on port 3000
2024-02-27T23:01:02.190Z [my-delivery-api]  info: Server is running on port 3000
2024-02-27T23:01:27.073Z [my-delivery-api]  info: Server is running on port 3000
2024-02-27T23:01:30.705Z [my-delivery-api]  info: POST /order - {}
2024-02-27T23:02:11.509Z [my-delivery-api]  info: Server is running on port 3000
2024-02-27T23:02:52.943Z [my-delivery-api]  info: Server is running on port 3000
2024-02-27T23:02:58.024Z [my-delivery-api]  info: Server is running on port 3000
2024-02-27T23:03:33.990Z [my-delivery-api]  info: Server is running on port 3000
2024-02-27T23:04:15.781Z [my-delivery-api]  info: Server is running on port 3000
2024-02-27T23:04:17.917Z [my-delivery-api]  error: POST => /order 
2024-02-27T23:04:26.010Z [my-delivery-api]  info: Server is running on port 3000
2024-02-27T23:04:27.957Z [my-delivery-api]  error: POST => /order 
2024-02-27T23:04:40.524Z [my-delivery-api]  info: Server is running on port 3000
2024-02-27T23:04:43.331Z [my-delivery-api]  error: POST => /order 
2024-02-27T23:04:52.777Z [my-delivery-api]  info: Server is running on port 3000
2024-02-27T23:04:54.500Z [my-delivery-api]  error: POST => /order 
2024-02-27T23:05:02.702Z [my-delivery-api]  info: Server is running on port 3000
2024-02-27T23:05:13.227Z [my-delivery-api]  info: Server is running on port 3000
2024-02-27T23:05:34.258Z [my-delivery-api]  info: Server is running on port 3000
2024-02-27T23:05:49.019Z [my-delivery-api]  info: Server is running on port 3000
2024-02-27T23:05:55.199Z [my-delivery-api]  info: Server is running on port 3000
2024-02-27T23:06:03.390Z [my-delivery-api]  info: Server is running on port 3000
2024-02-27T23:06:14.502Z [my-delivery-api]  info: Server is running on port 3000
2024-02-27T23:06:16.599Z [my-delivery-api]  info: Server is running on port 3000
